Sat Sep 16, 2017 13:26:35 ()  Sql lista pv combo abb. 
                        SELECT  SITO ID,SITO || ' - ' || SITO_DESC TEXT from ABB_SITO_PV
                        UNION
                        SELECT 99 ID,'99 - PDV TEST' TEXT FROM DUAL
                        UNION
                        SELECT -1 ID,'TUTTI I PV' TEXT FROM DUAL
                        ORDER BY ID
                
Sat Sep 16, 2017 13:29:31 ()  Sql test oci
                        SELECT  'ok' from dual
                
Sat Sep 16, 2017 13:33:18 ()  Sql test oci
                        SELECT  'ok' from dual
                
Sat Sep 16, 2017 13:34:39 ()  Sql test oci
                        SELECT  'ok' from dual
                
Sat Sep 16, 2017 13:36:57 ()  Sql test oci
                        SELECT  'ok' from dual
                
Sat Sep 16, 2017 14:35:44 ()  Sql test oci
                        SELECT  'ok' from dual
                
Sat Sep 16, 2017 19:34:35 ()  Sql test oci
                        SELECT  'ok' from dual
                
Sat Sep 16, 2017 19:57:06 ()  Sql, get column field: 

                SELECT * FROM ddd
                
Sat Sep 16, 2017 19:58:12 ()  Sql, get column field: 

                SELECT * FROM ddd
                
Sat Sep 16, 2017 19:58:59 ()  Sql, get column field: 

                SELECT * FROM ABB_CRUD
                
Sat Sep 16, 2017 20:00:00 ()  Sql, get column field: 

                SELECT * FROM ABB_CRUD
                
Sat Sep 16, 2017 20:00:29 ()  Sql, get column field: 

                SELECT * FROM ABB_CRUD
                
Sat Sep 16, 2017 20:01:03 ()  Sql, get column field: 

                SELECT * FROM ABB_CRUD
                
Sat Sep 16, 2017 20:05:47 ()  Sql, get column field: 

                SELECT * FROM ABB_CRUD
                
Sat Sep 16, 2017 20:10:33 ()  Sql, get column field: 

                SELECT * FROM ABB_CRUD
                
Sat Sep 16, 2017 20:11:08 ()  Sql, get column field: 

                SELECT * FROM ABB_CRUD
                
Sat Sep 16, 2017 20:14:18 ()  Sql, get column field: 

                SELECT * FROM ABB_CRUD
                
Sat Sep 16, 2017 20:15:26 ()  Sql, get column field: 

                SELECT * FROM ABB_CRUD
                
Sat Sep 16, 2017 20:16:47 ()  Sql, get column field: 

                SELECT * FROM ABB_CRUD
                
Sat Sep 16, 2017 20:18:19 ()  Sql, get column field: 

                SELECT * FROM ABB_CRUD
                
Sat Sep 16, 2017 20:19:06 ()  Sql, get column field: 

                SELECT * FROM ABB_CRUD
                
Sat Sep 16, 2017 20:20:52 ()  Sql, get column field: 

                SELECT * FROM ABB_CRUD
                
Sat Sep 16, 2017 20:22:42 ()  Sql, get column field: 

                SELECT * FROM ABB_CRUD
                
Sat Sep 16, 2017 20:23:22 ()  Sql, get column field: 

                SELECT * FROM ABB_CRUD
                
Sat Sep 16, 2017 20:26:08 ()  Sql, get column field: 

                SELECT * FROM ABB_CRUD
                
Sat Sep 16, 2017 20:29:05 ()  Sql, get column field: 

                SELECT * FROM ABB_CRUD
                
Sat Sep 16, 2017 20:30:17 ()  Sql, get column field: 

                SELECT * FROM ABB_CRUD
                
Sat Sep 16, 2017 20:31:29 ()  Sql, get column field: 

                SELECT * FROM ABB_CRUD
                
Sat Sep 16, 2017 21:09:27 ()  Sql, get column field: 

                SELECT * FROM ABB_CRUD
                
Sat Sep 16, 2017 21:10:29 ()  Sql, get column field: 

                SELECT * FROM ABB_CRUD
                
Sat Sep 16, 2017 21:14:53 ()  Sql, get column field: 

                SELECT * FROM ABB_CRUD
                
Sun Sep 17, 2017 13:14:56 ()  Sql, get column field: 

                SELECT * FROM ABB_CRUD
                
Sun Sep 17, 2017 14:03:47 ()  Sql, get column field: 

                SELECT * FROM ABB_CRUD
                
Sun Sep 17, 2017 14:03:58 ()  Sql, get column field: 

                SELECT * FROM ABB_CRUD
                
Sun Sep 17, 2017 14:32:37 ()  Sql, get column field: 

                SELECT * FROM ABB_CRUD
                
Sun Sep 17, 2017 14:37:40 ()  Sql, get column field: 

                SELECT * FROM ABB_CRUD
                
Sun Sep 17, 2017 14:39:38 ()  Sql, get column field: 

                SELECT * FROM ABB_CRUD
                
