Sat Sep 02, 2017 20:14:46 () file_put_contents(../language/en2it.json): failed to open stream: Permission denied
Sat Sep 02, 2017 20:16:28 () file_put_contents(../language/en2it.json): failed to open stream: Permission denied
Sat Sep 02, 2017 20:17:56 () file_put_contents(../language/en2it.json): failed to open stream: Permission denied
Sat Sep 02, 2017 20:24:00 () array_push() expects parameter 1 to be array, object given
Sat Sep 02, 2017 20:24:01 () array_push() expects parameter 1 to be array, object given
Sat Sep 02, 2017 20:26:20 () array_push() expects parameter 1 to be array, object given
Sat Sep 02, 2017 20:26:24 () array_push() expects parameter 1 to be array, object given
Sat Sep 02, 2017 20:35:09 () array_push() expects parameter 1 to be array, object given
Sat Sep 02, 2017 20:35:23 () array_push() expects parameter 1 to be array, object given
Sat Sep 02, 2017 20:36:10 () array_push() expects parameter 1 to be array, object given
Sat Sep 02, 2017 20:37:19 () array_push() expects parameter 1 to be array, object given
Sat Sep 02, 2017 20:49:06 () array_push() expects parameter 1 to be array, object given
Sat Sep 02, 2017 20:52:01 () array_merge(): Argument #1 is not an array
Sat Sep 02, 2017 21:11:16 () file_get_contents(../language/en2it_man.json): failed to open stream: No such file or directory
Sat Sep 02, 2017 21:11:48 () file_get_contents(../language/en2it_man.json): failed to open stream: No such file or directory
Sat Sep 02, 2017 21:20:30 () Invalid argument provided
Sat Sep 02, 2017 21:20:31 () Invalid argument provided
Sat Sep 02, 2017 21:20:34 () Invalid argument provided
Sat Sep 02, 2017 21:20:35 () Invalid argument provided
Sat Sep 02, 2017 21:20:56 () Invalid argument provided
Sat Sep 02, 2017 21:20:59 () Invalid argument provided
Sat Sep 02, 2017 21:22:02 () Invalid argument provided
Sat Sep 02, 2017 21:22:04 () Invalid argument provided
Sat Sep 02, 2017 21:22:43 () Invalid argument provided
Sat Sep 02, 2017 21:22:48 () Invalid argument provided
Sat Sep 02, 2017 21:22:51 () Invalid argument provided
Sat Sep 02, 2017 21:22:53 () Invalid argument provided
Sat Sep 02, 2017 21:24:09 () Invalid argument provided
Sat Sep 02, 2017 21:24:45 () cURL error 6: Couldn't resolve host 'translate.google.com' (see http://curl.haxx.se/libcurl/c/libcurl-errors.html)
Sat Sep 02, 2017 21:24:46 () cURL error 6: Couldn't resolve host 'translate.google.com' (see http://curl.haxx.se/libcurl/c/libcurl-errors.html)
Sat Sep 02, 2017 21:24:51 () cURL error 6: Couldn't resolve host 'translate.google.com' (see http://curl.haxx.se/libcurl/c/libcurl-errors.html)
Sat Sep 02, 2017 21:24:53 () cURL error 6: Couldn't resolve host 'translate.google.com' (see http://curl.haxx.se/libcurl/c/libcurl-errors.html)
Sat Sep 02, 2017 21:25:09 () cURL error 6: Couldn't resolve host 'translate.google.com' (see http://curl.haxx.se/libcurl/c/libcurl-errors.html)
Sat Sep 02, 2017 22:03:13 () Undefined variable: lang2t
Sat Sep 02, 2017 22:03:17 () Undefined variable: lang2t
Sat Sep 02, 2017 22:04:07 () Undefined variable: lang2t
Sat Sep 02, 2017 22:08:43 () file_get_contents(../language/en2it.json): failed to open stream: No such file or directory
Sat Sep 02, 2017 22:08:46 () file_get_contents(../language/en2it.json): failed to open stream: No such file or directory
Sat Sep 02, 2017 22:08:47 () file_get_contents(../language/en2it.json): failed to open stream: No such file or directory
Sat Sep 02, 2017 22:09:52 () file_get_contents(../language/en2it.json): failed to open stream: No such file or directory
Sat Sep 02, 2017 22:11:58 () file_get_contents(../language/en2it.json): failed to open stream: No such file or directory
Sat Sep 02, 2017 22:12:27 () file_get_contents(../language/en2it.json): failed to open stream: No such file or directory
Sat Sep 02, 2017 22:12:51 () file_get_contents(../language/en2it.json): failed to open stream: No such file or directory
Sat Sep 02, 2017 22:14:17 () Undefined variable: file
Sun Sep 03, 2017 17:21:21 () Undefined variable: value_t
Sun Sep 03, 2017 17:25:12 () Undefined variable: value_t
Mon Sep 04, 2017 9:19:34 () Server error response [url] http://ipv4.google.com/sorry/index?continue=http%3A%2F%2Ftranslate.google.com%2Ftranslate_a%2Ft&q=EgRVIS99GIb9s80FIhkA8aeDS1OYqGEiSbZrO2D8CnJANzCS-9pGMgFy [status code] 503 [reason phrase] Service Unavailable
Mon Sep 04, 2017 9:20:00 () Server error response [url] http://ipv4.google.com/sorry/index?continue=http%3A%2F%2Ftranslate.google.com%2Ftranslate_a%2Ft&q=EgRVIS99GKD9s80FIhkA8aeDSzHbLG2MfODB-N7mkKNHTi5dDDBAMgFy [status code] 503 [reason phrase] Service Unavailable
Mon Sep 04, 2017 9:22:17 () Server error response [url] http://ipv4.google.com/sorry/index?continue=http%3A%2F%2Ftranslate.google.com%2Ftranslate_a%2Ft&q=EgRVIS99GKn-s80FIhkA8aeDSygklwKxuHwwLBuSAxjYgZ2wYKi-MgFy [status code] 503 [reason phrase] Service Unavailable
Mon Sep 04, 2017 9:22:24 () Server error response [url] http://ipv4.google.com/sorry/index?continue=http%3A%2F%2Ftranslate.google.com%2Ftranslate_a%2Ft&q=EgRVIS99GLD-s80FIhkA8aeDS8Ku3PZbRgdA1iCMfBecyl6-D2r5MgFy [status code] 503 [reason phrase] Service Unavailable
Mon Sep 04, 2017 9:22:27 () Server error response [url] http://ipv4.google.com/sorry/index?continue=http%3A%2F%2Ftranslate.google.com%2Ftranslate_a%2Ft&q=EgRVIS99GLP-s80FIhkA8aeDS_NM3RqrQuWk5xV_Ns6VOXbeYcIuMgFy [status code] 503 [reason phrase] Service Unavailable
Mon Sep 04, 2017 9:22:41 () Server error response [url] http://ipv4.google.com/sorry/index?continue=http%3A%2F%2Ftranslate.google.com%2Ftranslate_a%2Ft&q=EgRVIS99GMD-s80FIhkA8aeDS9PgYFKEMyCzMJ6m-qBQ8T4-JyIyMgFy [status code] 503 [reason phrase] Service Unavailable
Mon Sep 04, 2017 9:58:59 () Server error response [url] http://ipv4.google.com/sorry/index?continue=http%3A%2F%2Ftranslate.google.com%2Ftranslate_a%2Ft&q=EgRVIS99GMKPtM0FIhkA8aeDS7pWDr9idpgqAgR_8xuTJ2cZwWGkMgFy [status code] 503 [reason phrase] Service Unavailable
Mon Sep 04, 2017 9:59:02 () Server error response [url] http://ipv4.google.com/sorry/index?continue=http%3A%2F%2Ftranslate.google.com%2Ftranslate_a%2Ft&q=EgRVIS99GMWPtM0FIhkA8aeDS1dfRXBo6-AywYHAa8cnn9R_CPRdMgFy [status code] 503 [reason phrase] Service Unavailable
Mon Sep 04, 2017 9:59:05 () Server error response [url] http://ipv4.google.com/sorry/index?continue=http%3A%2F%2Ftranslate.google.com%2Ftranslate_a%2Ft&q=EgRVIS99GMiPtM0FIhkA8aeDS95fXd_xKv7388v54GoO7jP2weCSMgFy [status code] 503 [reason phrase] Service Unavailable
Mon Sep 11, 2017 12:52:25 () mkdir(): Invalid path
Mon Sep 11, 2017 12:53:01 () mkdir(): Invalid path
Mon Sep 11, 2017 14:13:25 () mkdir(): Invalid path
Mon Sep 11, 2017 14:15:15 () Unknown: Invalid path
Mon Sep 11, 2017 14:31:50 () mkdir(): File exists
Mon Sep 11, 2017 16:00:31 (cw00011) The "src/template" directory does not exist ("C:\xampp\htdocs\easyui_gii\api\src/template").
Mon Sep 11, 2017 17:21:52 (cw00011) ZipArchive::extractTo(): Invalid or unitialized Zip object
Mon Sep 11, 2017 17:23:52 (cw00011) Unknown: Invalid or unitialized Zip object
Mon Sep 11, 2017 17:34:39 (cw00011) ZipArchive::extractTo(): Invalid or unitialized Zip object
Mon Sep 11, 2017 17:35:14 (cw00011) Unknown: Invalid or unitialized Zip object
Mon Sep 11, 2017 17:35:32 (cw00011) Unknown: Invalid or unitialized Zip object
Mon Sep 11, 2017 17:38:54 (cw00011) ZipArchive::extractTo(): Invalid or unitialized Zip object
Mon Sep 11, 2017 17:39:56 (cw00011) ZipArchive::extractTo(): Invalid or unitialized Zip object
Mon Sep 11, 2017 17:40:31 (cw00011) Unknown: Invalid or unitialized Zip object
Mon Sep 11, 2017 17:40:44 (cw00011) Unknown: Invalid or unitialized Zip object
Mon Sep 11, 2017 17:42:03 (cw00011) Unknown: Invalid or unitialized Zip object
